The system is: Linux - 3.5.0-54-generic - x86_64
Compiling the C compiler identification source file "CMakeCCompilerId.c" succeeded.
Compiler: /home/mgrund/Development/impala-deps/build/gcc-4.9.2/bin/gcc 
Build flags: 
Id flags: 

The output was:
0


Compilation of the C compiler identification source "CMakeCCompilerId.c" produced "a.out"

The C compiler identification is GNU, found in "/home/mgrund/Development/impala-deps/source/lz4/lz4-svn/CMakeFiles/CompilerIdC/a.out"

Compiling the CXX compiler identification source file "CMakeCXXCompilerId.cpp" succeeded.
Compiler: /home/mgrund/Development/impala-deps/build/gcc-4.9.2/bin/g++ 
Build flags: -static-libstdc++;-static-libgcc;-std=c++11
Id flags: 

The output was:
0


Compilation of the CXX compiler identification source "CMakeCXXCompilerId.cpp" produced "a.out"

The CXX compiler identification is GNU, found in "/home/mgrund/Development/impala-deps/source/lz4/lz4-svn/CMakeFiles/CompilerIdCXX/a.out"

Determining if the C compiler works passed with the following output:
Change Dir: /home/mgrund/Development/impala-deps/source/lz4/lz4-svn/CMakeFiles/CMakeTmp

Run Build Command:/usr/bin/make "cmTryCompileExec578286073/fast"
/usr/bin/make -f CMakeFiles/cmTryCompileExec578286073.dir/build.make CMakeFiles/cmTryCompileExec578286073.dir/build
make[1]: Entering directory `/home/mgrund/Development/impala-deps/source/lz4/lz4-svn/CMakeFiles/CMakeTmp'
/usr/bin/cmake -E cmake_progress_report /home/mgrund/Development/impala-deps/source/lz4/lz4-svn/CMakeFiles/CMakeTmp/CMakeFiles 1
Building C object CMakeFiles/cmTryCompileExec578286073.dir/testCCompiler.c.o
/home/mgrund/Development/impala-deps/build/gcc-4.9.2/bin/gcc    -o CMakeFiles/cmTryCompileExec578286073.dir/testCCompiler.c.o   -c /home/mgrund/Development/impala-deps/source/lz4/lz4-svn/CMakeFiles/CMakeTmp/testCCompiler.c
Linking C executable cmTryCompileExec578286073
/usr/bin/cmake -E cmake_link_script CMakeFiles/cmTryCompileExec578286073.dir/link.txt --verbose=1
/home/mgrund/Development/impala-deps/build/gcc-4.9.2/bin/gcc        -Wl,-rpath,/home/mgrund/Development/impala-deps/build/gcc-4.9.2/lib64,-rpath,'$ORIGIN/../lib64',-rpath,'/opt/toolchain/gcc-4.9.2' -L/home/mgrund/Development/impala-deps/build/gcc-4.9.2/lib64 CMakeFiles/cmTryCompileExec578286073.dir/testCCompiler.c.o  -o cmTryCompileExec578286073 -rdynamic 
make[1]: Leaving directory `/home/mgrund/Development/impala-deps/source/lz4/lz4-svn/CMakeFiles/CMakeTmp'


Detecting C compiler ABI info compiled with the following output:
Change Dir: /home/mgrund/Development/impala-deps/source/lz4/lz4-svn/CMakeFiles/CMakeTmp

Run Build Command:/usr/bin/make "cmTryCompileExec1440451963/fast"
/usr/bin/make -f CMakeFiles/cmTryCompileExec1440451963.dir/build.make CMakeFiles/cmTryCompileExec1440451963.dir/build
make[1]: Entering directory `/home/mgrund/Development/impala-deps/source/lz4/lz4-svn/CMakeFiles/CMakeTmp'
/usr/bin/cmake -E cmake_progress_report /home/mgrund/Development/impala-deps/source/lz4/lz4-svn/CMakeFiles/CMakeTmp/CMakeFiles 1
Building C object CMakeFiles/cmTryCompileExec1440451963.dir/CMakeCCompilerABI.c.o
/home/mgrund/Development/impala-deps/build/gcc-4.9.2/bin/gcc    -o CMakeFiles/cmTryCompileExec1440451963.dir/CMakeCCompilerABI.c.o   -c /usr/share/cmake-2.8/Modules/CMakeCCompilerABI.c
Linking C executable cmTryCompileExec1440451963
/usr/bin/cmake -E cmake_link_script CMakeFiles/cmTryCompileExec1440451963.dir/link.txt --verbose=1
/home/mgrund/Development/impala-deps/build/gcc-4.9.2/bin/gcc       -v CMakeFiles/cmTryCompileExec1440451963.dir/CMakeCCompilerABI.c.o  -o cmTryCompileExec1440451963 -rdynamic  
Using built-in specs.
COLLECT_GCC=/home/mgrund/Development/impala-deps/build/gcc-4.9.2/bin/gcc
COLLECT_LTO_WRAPPER=/home/mgrund/Development/impala-deps/build/gcc-4.9.2/libexec/gcc/x86_64-unknown-linux-gnu/4.9.2/lto-wrapper
Target: x86_64-unknown-linux-gnu
Configured with: ../gcc-4.9.2/configure --prefix=/home/mgrund/Development/impala-deps/build/gcc-4.9.2 --enable-languages=c,c++ --disable-multilib
Thread model: posix
gcc version 4.9.2 (GCC) 
COMPILER_PATH=/home/mgrund/Development/impala-deps/build/gcc-4.9.2/libexec/gcc/x86_64-unknown-linux-gnu/4.9.2/:/home/mgrund/Development/impala-deps/build/gcc-4.9.2/libexec/gcc/x86_64-unknown-linux-gnu/4.9.2/:/home/mgrund/Development/impala-deps/build/gcc-4.9.2/libexec/gcc/x86_64-unknown-linux-gnu/:/home/mgrund/Development/impala-deps/build/gcc-4.9.2/lib/gcc/x86_64-unknown-linux-gnu/4.9.2/:/home/mgrund/Development/impala-deps/build/gcc-4.9.2/lib/gcc/x86_64-unknown-linux-gnu/
LIBRARY_PATH=/home/mgrund/Development/impala-deps/build/gcc-4.9.2/lib/gcc/x86_64-unknown-linux-gnu/4.9.2/:/home/mgrund/Development/impala-deps/build/gcc-4.9.2/lib/gcc/x86_64-unknown-linux-gnu/4.9.2/../../../../lib64/:/lib/x86_64-linux-gnu/:/lib/../lib64/:/usr/lib/x86_64-linux-gnu/:/home/mgrund/Development/impala-deps/build/gcc-4.9.2/lib/gcc/x86_64-unknown-linux-gnu/4.9.2/../../../:/lib/:/usr/lib/
COLLECT_GCC_OPTIONS='-v' '-o' 'cmTryCompileExec1440451963' '-rdynamic' '-mtune=generic' '-march=x86-64'
 /home/mgrund/Development/impala-deps/build/gcc-4.9.2/libexec/gcc/x86_64-unknown-linux-gnu/4.9.2/collect2 -plugin /home/mgrund/Development/impala-deps/build/gcc-4.9.2/libexec/gcc/x86_64-unknown-linux-gnu/4.9.2/liblto_plugin.so -plugin-opt=/home/mgrund/Development/impala-deps/build/gcc-4.9.2/libexec/gcc/x86_64-unknown-linux-gnu/4.9.2/lto-wrapper -plugin-opt=-fresolution=/tmp/ccCV2VW4.res -plugin-opt=-pass-through=-lgcc -plugin-opt=-pass-through=-lgcc_s -plugin-opt=-pass-through=-lc -plugin-opt=-pass-through=-lgcc -plugin-opt=-pass-through=-lgcc_s --eh-frame-hdr -m elf_x86_64 -export-dynamic -dynamic-linker /lib64/ld-linux-x86-64.so.2 -o cmTryCompileExec1440451963 /usr/lib/x86_64-linux-gnu/crt1.o /usr/lib/x86_64-linux-gnu/crti.o /home/mgrund/Development/impala-deps/build/gcc-4.9.2/lib/gcc/x86_64-unknown-linux-gnu/4.9.2/crtbegin.o -L/home/mgrund/Development/impala-deps/build/gcc-4.9.2/lib/gcc/x86_64-unknown-linux-gnu/4.9.2 -L/home/mgrund/Development/impala-deps/build/gcc-4.9.2/lib/gcc/x86_64-unknown-linux-gnu/4.9.2/../../../../lib64 -L/lib/x86_64-linux-gnu -L/lib/../lib64 -L/usr/lib/x86_64-linux-gnu -L/home/mgrund/Development/impala-deps/build/gcc-4.9.2/lib/gcc/x86_64-unknown-linux-gnu/4.9.2/../../.. CMakeFiles/cmTryCompileExec1440451963.dir/CMakeCCompilerABI.c.o -lgcc --as-needed -lgcc_s --no-as-needed -lc -lgcc --as-needed -lgcc_s --no-as-needed /home/mgrund/Development/impala-deps/build/gcc-4.9.2/lib/gcc/x86_64-unknown-linux-gnu/4.9.2/crtend.o /usr/lib/x86_64-linux-gnu/crtn.o
make[1]: Leaving directory `/home/mgrund/Development/impala-deps/source/lz4/lz4-svn/CMakeFiles/CMakeTmp'


Parsed C implicit link information from above output:
  link line regex: [^( *|.*[/\])(ld|ld|collect2)[^/\]*( |$)]
  ignore line: [Change Dir: /home/mgrund/Development/impala-deps/source/lz4/lz4-svn/CMakeFiles/CMakeTmp]
  ignore line: []
  ignore line: [Run Build Command:/usr/bin/make "cmTryCompileExec1440451963/fast"]
  ignore line: [/usr/bin/make -f CMakeFiles/cmTryCompileExec1440451963.dir/build.make CMakeFiles/cmTryCompileExec1440451963.dir/build]
  ignore line: [make[1]: Entering directory `/home/mgrund/Development/impala-deps/source/lz4/lz4-svn/CMakeFiles/CMakeTmp']
  ignore line: [/usr/bin/cmake -E cmake_progress_report /home/mgrund/Development/impala-deps/source/lz4/lz4-svn/CMakeFiles/CMakeTmp/CMakeFiles 1]
  ignore line: [Building C object CMakeFiles/cmTryCompileExec1440451963.dir/CMakeCCompilerABI.c.o]
  ignore line: [/home/mgrund/Development/impala-deps/build/gcc-4.9.2/bin/gcc    -o CMakeFiles/cmTryCompileExec1440451963.dir/CMakeCCompilerABI.c.o   -c /usr/share/cmake-2.8/Modules/CMakeCCompilerABI.c]
  ignore line: [Linking C executable cmTryCompileExec1440451963]
  ignore line: [/usr/bin/cmake -E cmake_link_script CMakeFiles/cmTryCompileExec1440451963.dir/link.txt --verbose=1]
  ignore line: [/home/mgrund/Development/impala-deps/build/gcc-4.9.2/bin/gcc       -v CMakeFiles/cmTryCompileExec1440451963.dir/CMakeCCompilerABI.c.o  -o cmTryCompileExec1440451963 -rdynamic  ]
  ignore line: [Using built-in specs.]
  ignore line: [COLLECT_GCC=/home/mgrund/Development/impala-deps/build/gcc-4.9.2/bin/gcc]
  ignore line: [COLLECT_LTO_WRAPPER=/home/mgrund/Development/impala-deps/build/gcc-4.9.2/libexec/gcc/x86_64-unknown-linux-gnu/4.9.2/lto-wrapper]
  ignore line: [Target: x86_64-unknown-linux-gnu]
  ignore line: [Configured with: ../gcc-4.9.2/configure --prefix=/home/mgrund/Development/impala-deps/build/gcc-4.9.2 --enable-languages=c,c++ --disable-multilib]
  ignore line: [Thread model: posix]
  ignore line: [gcc version 4.9.2 (GCC) ]
  ignore line: [COMPILER_PATH=/home/mgrund/Development/impala-deps/build/gcc-4.9.2/libexec/gcc/x86_64-unknown-linux-gnu/4.9.2/:/home/mgrund/Development/impala-deps/build/gcc-4.9.2/libexec/gcc/x86_64-unknown-linux-gnu/4.9.2/:/home/mgrund/Development/impala-deps/build/gcc-4.9.2/libexec/gcc/x86_64-unknown-linux-gnu/:/home/mgrund/Development/impala-deps/build/gcc-4.9.2/lib/gcc/x86_64-unknown-linux-gnu/4.9.2/:/home/mgrund/Development/impala-deps/build/gcc-4.9.2/lib/gcc/x86_64-unknown-linux-gnu/]
  ignore line: [LIBRARY_PATH=/home/mgrund/Development/impala-deps/build/gcc-4.9.2/lib/gcc/x86_64-unknown-linux-gnu/4.9.2/:/home/mgrund/Development/impala-deps/build/gcc-4.9.2/lib/gcc/x86_64-unknown-linux-gnu/4.9.2/../../../../lib64/:/lib/x86_64-linux-gnu/:/lib/../lib64/:/usr/lib/x86_64-linux-gnu/:/home/mgrund/Development/impala-deps/build/gcc-4.9.2/lib/gcc/x86_64-unknown-linux-gnu/4.9.2/../../../:/lib/:/usr/lib/]
  ignore line: [COLLECT_GCC_OPTIONS='-v' '-o' 'cmTryCompileExec1440451963' '-rdynamic' '-mtune=generic' '-march=x86-64']
  link line: [ /home/mgrund/Development/impala-deps/build/gcc-4.9.2/libexec/gcc/x86_64-unknown-linux-gnu/4.9.2/collect2 -plugin /home/mgrund/Development/impala-deps/build/gcc-4.9.2/libexec/gcc/x86_64-unknown-linux-gnu/4.9.2/liblto_plugin.so -plugin-opt=/home/mgrund/Development/impala-deps/build/gcc-4.9.2/libexec/gcc/x86_64-unknown-linux-gnu/4.9.2/lto-wrapper -plugin-opt=-fresolution=/tmp/ccCV2VW4.res -plugin-opt=-pass-through=-lgcc -plugin-opt=-pass-through=-lgcc_s -plugin-opt=-pass-through=-lc -plugin-opt=-pass-through=-lgcc -plugin-opt=-pass-through=-lgcc_s --eh-frame-hdr -m elf_x86_64 -export-dynamic -dynamic-linker /lib64/ld-linux-x86-64.so.2 -o cmTryCompileExec1440451963 /usr/lib/x86_64-linux-gnu/crt1.o /usr/lib/x86_64-linux-gnu/crti.o /home/mgrund/Development/impala-deps/build/gcc-4.9.2/lib/gcc/x86_64-unknown-linux-gnu/4.9.2/crtbegin.o -L/home/mgrund/Development/impala-deps/build/gcc-4.9.2/lib/gcc/x86_64-unknown-linux-gnu/4.9.2 -L/home/mgrund/Development/impala-deps/build/gcc-4.9.2/lib/gcc/x86_64-unknown-linux-gnu/4.9.2/../../../../lib64 -L/lib/x86_64-linux-gnu -L/lib/../lib64 -L/usr/lib/x86_64-linux-gnu -L/home/mgrund/Development/impala-deps/build/gcc-4.9.2/lib/gcc/x86_64-unknown-linux-gnu/4.9.2/../../.. CMakeFiles/cmTryCompileExec1440451963.dir/CMakeCCompilerABI.c.o -lgcc --as-needed -lgcc_s --no-as-needed -lc -lgcc --as-needed -lgcc_s --no-as-needed /home/mgrund/Development/impala-deps/build/gcc-4.9.2/lib/gcc/x86_64-unknown-linux-gnu/4.9.2/crtend.o /usr/lib/x86_64-linux-gnu/crtn.o]
    arg [/home/mgrund/Development/impala-deps/build/gcc-4.9.2/libexec/gcc/x86_64-unknown-linux-gnu/4.9.2/collect2] ==> ignore
    arg [-plugin] ==> ignore
    arg [/home/mgrund/Development/impala-deps/build/gcc-4.9.2/libexec/gcc/x86_64-unknown-linux-gnu/4.9.2/liblto_plugin.so] ==> ignore
    arg [-plugin-opt=/home/mgrund/Development/impala-deps/build/gcc-4.9.2/libexec/gcc/x86_64-unknown-linux-gnu/4.9.2/lto-wrapper] ==> ignore
    arg [-plugin-opt=-fresolution=/tmp/ccCV2VW4.res] ==> ignore
    arg [-plugin-opt=-pass-through=-lgcc] ==> ignore
    arg [-plugin-opt=-pass-through=-lgcc_s] ==> ignore
    arg [-plugin-opt=-pass-through=-lc] ==> ignore
    arg [-plugin-opt=-pass-through=-lgcc] ==> ignore
    arg [-plugin-opt=-pass-through=-lgcc_s] ==> ignore
    arg [--eh-frame-hdr] ==> ignore
    arg [-m] ==> ignore
    arg [elf_x86_64] ==> ignore
    arg [-export-dynamic] ==> ignore
    arg [-dynamic-linker] ==> ignore
    arg [/lib64/ld-linux-x86-64.so.2] ==> ignore
    arg [-o] ==> ignore
    arg [cmTryCompileExec1440451963] ==> ignore
    arg [/usr/lib/x86_64-linux-gnu/crt1.o] ==> ignore
    arg [/usr/lib/x86_64-linux-gnu/crti.o] ==> ignore
    arg [/home/mgrund/Development/impala-deps/build/gcc-4.9.2/lib/gcc/x86_64-unknown-linux-gnu/4.9.2/crtbegin.o] ==> ignore
    arg [-L/home/mgrund/Development/impala-deps/build/gcc-4.9.2/lib/gcc/x86_64-unknown-linux-gnu/4.9.2] ==> dir [/home/mgrund/Development/impala-deps/build/gcc-4.9.2/lib/gcc/x86_64-unknown-linux-gnu/4.9.2]
    arg [-L/home/mgrund/Development/impala-deps/build/gcc-4.9.2/lib/gcc/x86_64-unknown-linux-gnu/4.9.2/../../../../lib64] ==> dir [/home/mgrund/Development/impala-deps/build/gcc-4.9.2/lib/gcc/x86_64-unknown-linux-gnu/4.9.2/../../../../lib64]
    arg [-L/lib/x86_64-linux-gnu] ==> dir [/lib/x86_64-linux-gnu]
    arg [-L/lib/../lib64] ==> dir [/lib/../lib64]
    arg [-L/usr/lib/x86_64-linux-gnu] ==> dir [/usr/lib/x86_64-linux-gnu]
    arg [-L/home/mgrund/Development/impala-deps/build/gcc-4.9.2/lib/gcc/x86_64-unknown-linux-gnu/4.9.2/../../..] ==> dir [/home/mgrund/Development/impala-deps/build/gcc-4.9.2/lib/gcc/x86_64-unknown-linux-gnu/4.9.2/../../..]
    arg [CMakeFiles/cmTryCompileExec1440451963.dir/CMakeCCompilerABI.c.o] ==> ignore
    arg [-lgcc] ==> lib [gcc]
    arg [--as-needed] ==> ignore
    arg [-lgcc_s] ==> lib [gcc_s]
    arg [--no-as-needed] ==> ignore
    arg [-lc] ==> lib [c]
    arg [-lgcc] ==> lib [gcc]
    arg [--as-needed] ==> ignore
    arg [-lgcc_s] ==> lib [gcc_s]
    arg [--no-as-needed] ==> ignore
    arg [/home/mgrund/Development/impala-deps/build/gcc-4.9.2/lib/gcc/x86_64-unknown-linux-gnu/4.9.2/crtend.o] ==> ignore
    arg [/usr/lib/x86_64-linux-gnu/crtn.o] ==> ignore
  remove lib [gcc]
  remove lib [gcc_s]
  remove lib [gcc]
  remove lib [gcc_s]
  collapse dir [/home/mgrund/Development/impala-deps/build/gcc-4.9.2/lib/gcc/x86_64-unknown-linux-gnu/4.9.2] ==> [/home/mgrund/Development/impala-deps/build/gcc-4.9.2/lib/gcc/x86_64-unknown-linux-gnu/4.9.2]
  collapse dir [/home/mgrund/Development/impala-deps/build/gcc-4.9.2/lib/gcc/x86_64-unknown-linux-gnu/4.9.2/../../../../lib64] ==> [/home/mgrund/Development/impala-deps/build/gcc-4.9.2/lib64]
  collapse dir [/lib/x86_64-linux-gnu] ==> [/lib/x86_64-linux-gnu]
  collapse dir [/lib/../lib64] ==> [/lib64]
  collapse dir [/usr/lib/x86_64-linux-gnu] ==> [/usr/lib/x86_64-linux-gnu]
  collapse dir [/home/mgrund/Development/impala-deps/build/gcc-4.9.2/lib/gcc/x86_64-unknown-linux-gnu/4.9.2/../../..] ==> [/home/mgrund/Development/impala-deps/build/gcc-4.9.2/lib]
  implicit libs: [c]
  implicit dirs: [/home/mgrund/Development/impala-deps/build/gcc-4.9.2/lib/gcc/x86_64-unknown-linux-gnu/4.9.2;/home/mgrund/Development/impala-deps/build/gcc-4.9.2/lib64;/lib/x86_64-linux-gnu;/lib64;/usr/lib/x86_64-linux-gnu;/home/mgrund/Development/impala-deps/build/gcc-4.9.2/lib]


Determining if the CXX compiler works passed with the following output:
Change Dir: /home/mgrund/Development/impala-deps/source/lz4/lz4-svn/CMakeFiles/CMakeTmp

Run Build Command:/usr/bin/make "cmTryCompileExec81278294/fast"
/usr/bin/make -f CMakeFiles/cmTryCompileExec81278294.dir/build.make CMakeFiles/cmTryCompileExec81278294.dir/build
make[1]: Entering directory `/home/mgrund/Development/impala-deps/source/lz4/lz4-svn/CMakeFiles/CMakeTmp'
/usr/bin/cmake -E cmake_progress_report /home/mgrund/Development/impala-deps/source/lz4/lz4-svn/CMakeFiles/CMakeTmp/CMakeFiles 1
Building CXX object CMakeFiles/cmTryCompileExec81278294.dir/testCXXCompiler.cxx.o
/home/mgrund/Development/impala-deps/build/gcc-4.9.2/bin/g++    -static-libstdc++ -static-libgcc -std=c++11      -o CMakeFiles/cmTryCompileExec81278294.dir/testCXXCompiler.cxx.o -c /home/mgrund/Development/impala-deps/source/lz4/lz4-svn/CMakeFiles/CMakeTmp/testCXXCompiler.cxx
Linking CXX executable cmTryCompileExec81278294
/usr/bin/cmake -E cmake_link_script CMakeFiles/cmTryCompileExec81278294.dir/link.txt --verbose=1
/home/mgrund/Development/impala-deps/build/gcc-4.9.2/bin/g++    -static-libstdc++ -static-libgcc -std=c++11      -Wl,-rpath,/home/mgrund/Development/impala-deps/build/gcc-4.9.2/lib64,-rpath,'$ORIGIN/../lib64',-rpath,'/opt/toolchain/gcc-4.9.2' -L/home/mgrund/Development/impala-deps/build/gcc-4.9.2/lib64 CMakeFiles/cmTryCompileExec81278294.dir/testCXXCompiler.cxx.o  -o cmTryCompileExec81278294 -rdynamic 
make[1]: Leaving directory `/home/mgrund/Development/impala-deps/source/lz4/lz4-svn/CMakeFiles/CMakeTmp'


Detecting CXX compiler ABI info compiled with the following output:
Change Dir: /home/mgrund/Development/impala-deps/source/lz4/lz4-svn/CMakeFiles/CMakeTmp

Run Build Command:/usr/bin/make "cmTryCompileExec4191584579/fast"
/usr/bin/make -f CMakeFiles/cmTryCompileExec4191584579.dir/build.make CMakeFiles/cmTryCompileExec4191584579.dir/build
make[1]: Entering directory `/home/mgrund/Development/impala-deps/source/lz4/lz4-svn/CMakeFiles/CMakeTmp'
/usr/bin/cmake -E cmake_progress_report /home/mgrund/Development/impala-deps/source/lz4/lz4-svn/CMakeFiles/CMakeTmp/CMakeFiles 1
Building CXX object CMakeFiles/cmTryCompileExec4191584579.dir/CMakeCXXCompilerABI.cpp.o
/home/mgrund/Development/impala-deps/build/gcc-4.9.2/bin/g++    -static-libstdc++ -static-libgcc -std=c++11      -o CMakeFiles/cmTryCompileExec4191584579.dir/CMakeCXXCompilerABI.cpp.o -c /usr/share/cmake-2.8/Modules/CMakeCXXCompilerABI.cpp
Linking CXX executable cmTryCompileExec4191584579
/usr/bin/cmake -E cmake_link_script CMakeFiles/cmTryCompileExec4191584579.dir/link.txt --verbose=1
/home/mgrund/Development/impala-deps/build/gcc-4.9.2/bin/g++    -static-libstdc++ -static-libgcc -std=c++11     -v CMakeFiles/cmTryCompileExec4191584579.dir/CMakeCXXCompilerABI.cpp.o  -o cmTryCompileExec4191584579 -rdynamic  
Using built-in specs.
COLLECT_GCC=/home/mgrund/Development/impala-deps/build/gcc-4.9.2/bin/g++
COLLECT_LTO_WRAPPER=/home/mgrund/Development/impala-deps/build/gcc-4.9.2/libexec/gcc/x86_64-unknown-linux-gnu/4.9.2/lto-wrapper
Target: x86_64-unknown-linux-gnu
Configured with: ../gcc-4.9.2/configure --prefix=/home/mgrund/Development/impala-deps/build/gcc-4.9.2 --enable-languages=c,c++ --disable-multilib
Thread model: posix
gcc version 4.9.2 (GCC) 
COMPILER_PATH=/home/mgrund/Development/impala-deps/build/gcc-4.9.2/libexec/gcc/x86_64-unknown-linux-gnu/4.9.2/:/home/mgrund/Development/impala-deps/build/gcc-4.9.2/libexec/gcc/x86_64-unknown-linux-gnu/4.9.2/:/home/mgrund/Development/impala-deps/build/gcc-4.9.2/libexec/gcc/x86_64-unknown-linux-gnu/:/home/mgrund/Development/impala-deps/build/gcc-4.9.2/lib/gcc/x86_64-unknown-linux-gnu/4.9.2/:/home/mgrund/Development/impala-deps/build/gcc-4.9.2/lib/gcc/x86_64-unknown-linux-gnu/
LIBRARY_PATH=/home/mgrund/Development/impala-deps/build/gcc-4.9.2/lib/gcc/x86_64-unknown-linux-gnu/4.9.2/:/home/mgrund/Development/impala-deps/build/gcc-4.9.2/lib/gcc/x86_64-unknown-linux-gnu/4.9.2/../../../../lib64/:/lib/x86_64-linux-gnu/:/lib/../lib64/:/usr/lib/x86_64-linux-gnu/:/home/mgrund/Development/impala-deps/build/gcc-4.9.2/lib/gcc/x86_64-unknown-linux-gnu/4.9.2/../../../:/lib/:/usr/lib/
COLLECT_GCC_OPTIONS='-static-libgcc' '-std=c++11' '-v' '-o' 'cmTryCompileExec4191584579' '-rdynamic' '-mtune=generic' '-march=x86-64'
 /home/mgrund/Development/impala-deps/build/gcc-4.9.2/libexec/gcc/x86_64-unknown-linux-gnu/4.9.2/collect2 -plugin /home/mgrund/Development/impala-deps/build/gcc-4.9.2/libexec/gcc/x86_64-unknown-linux-gnu/4.9.2/liblto_plugin.so -plugin-opt=/home/mgrund/Development/impala-deps/build/gcc-4.9.2/libexec/gcc/x86_64-unknown-linux-gnu/4.9.2/lto-wrapper -plugin-opt=-fresolution=/tmp/cctrJt1Z.res -plugin-opt=-pass-through=-lgcc -plugin-opt=-pass-through=-lgcc_eh -plugin-opt=-pass-through=-lc -plugin-opt=-pass-through=-lgcc -plugin-opt=-pass-through=-lgcc_eh --eh-frame-hdr -m elf_x86_64 -export-dynamic -dynamic-linker /lib64/ld-linux-x86-64.so.2 -o cmTryCompileExec4191584579 /usr/lib/x86_64-linux-gnu/crt1.o /usr/lib/x86_64-linux-gnu/crti.o /home/mgrund/Development/impala-deps/build/gcc-4.9.2/lib/gcc/x86_64-unknown-linux-gnu/4.9.2/crtbegin.o -L/home/mgrund/Development/impala-deps/build/gcc-4.9.2/lib/gcc/x86_64-unknown-linux-gnu/4.9.2 -L/home/mgrund/Development/impala-deps/build/gcc-4.9.2/lib/gcc/x86_64-unknown-linux-gnu/4.9.2/../../../../lib64 -L/lib/x86_64-linux-gnu -L/lib/../lib64 -L/usr/lib/x86_64-linux-gnu -L/home/mgrund/Development/impala-deps/build/gcc-4.9.2/lib/gcc/x86_64-unknown-linux-gnu/4.9.2/../../.. CMakeFiles/cmTryCompileExec4191584579.dir/CMakeCXXCompilerABI.cpp.o -Bstatic -lstdc++ -Bdynamic -lm -lgcc -lgcc_eh -lc -lgcc -lgcc_eh /home/mgrund/Development/impala-deps/build/gcc-4.9.2/lib/gcc/x86_64-unknown-linux-gnu/4.9.2/crtend.o /usr/lib/x86_64-linux-gnu/crtn.o
make[1]: Leaving directory `/home/mgrund/Development/impala-deps/source/lz4/lz4-svn/CMakeFiles/CMakeTmp'


Parsed CXX implicit link information from above output:
  link line regex: [^( *|.*[/\])(ld|ld|collect2)[^/\]*( |$)]
  ignore line: [Change Dir: /home/mgrund/Development/impala-deps/source/lz4/lz4-svn/CMakeFiles/CMakeTmp]
  ignore line: []
  ignore line: [Run Build Command:/usr/bin/make "cmTryCompileExec4191584579/fast"]
  ignore line: [/usr/bin/make -f CMakeFiles/cmTryCompileExec4191584579.dir/build.make CMakeFiles/cmTryCompileExec4191584579.dir/build]
  ignore line: [make[1]: Entering directory `/home/mgrund/Development/impala-deps/source/lz4/lz4-svn/CMakeFiles/CMakeTmp']
  ignore line: [/usr/bin/cmake -E cmake_progress_report /home/mgrund/Development/impala-deps/source/lz4/lz4-svn/CMakeFiles/CMakeTmp/CMakeFiles 1]
  ignore line: [Building CXX object CMakeFiles/cmTryCompileExec4191584579.dir/CMakeCXXCompilerABI.cpp.o]
  ignore line: [/home/mgrund/Development/impala-deps/build/gcc-4.9.2/bin/g++    -static-libstdc++ -static-libgcc -std=c++11      -o CMakeFiles/cmTryCompileExec4191584579.dir/CMakeCXXCompilerABI.cpp.o -c /usr/share/cmake-2.8/Modules/CMakeCXXCompilerABI.cpp]
  ignore line: [Linking CXX executable cmTryCompileExec4191584579]
  ignore line: [/usr/bin/cmake -E cmake_link_script CMakeFiles/cmTryCompileExec4191584579.dir/link.txt --verbose=1]
  ignore line: [/home/mgrund/Development/impala-deps/build/gcc-4.9.2/bin/g++    -static-libstdc++ -static-libgcc -std=c++11     -v CMakeFiles/cmTryCompileExec4191584579.dir/CMakeCXXCompilerABI.cpp.o  -o cmTryCompileExec4191584579 -rdynamic  ]
  ignore line: [Using built-in specs.]
  ignore line: [COLLECT_GCC=/home/mgrund/Development/impala-deps/build/gcc-4.9.2/bin/g++]
  ignore line: [COLLECT_LTO_WRAPPER=/home/mgrund/Development/impala-deps/build/gcc-4.9.2/libexec/gcc/x86_64-unknown-linux-gnu/4.9.2/lto-wrapper]
  ignore line: [Target: x86_64-unknown-linux-gnu]
  ignore line: [Configured with: ../gcc-4.9.2/configure --prefix=/home/mgrund/Development/impala-deps/build/gcc-4.9.2 --enable-languages=c,c++ --disable-multilib]
  ignore line: [Thread model: posix]
  ignore line: [gcc version 4.9.2 (GCC) ]
  ignore line: [COMPILER_PATH=/home/mgrund/Development/impala-deps/build/gcc-4.9.2/libexec/gcc/x86_64-unknown-linux-gnu/4.9.2/:/home/mgrund/Development/impala-deps/build/gcc-4.9.2/libexec/gcc/x86_64-unknown-linux-gnu/4.9.2/:/home/mgrund/Development/impala-deps/build/gcc-4.9.2/libexec/gcc/x86_64-unknown-linux-gnu/:/home/mgrund/Development/impala-deps/build/gcc-4.9.2/lib/gcc/x86_64-unknown-linux-gnu/4.9.2/:/home/mgrund/Development/impala-deps/build/gcc-4.9.2/lib/gcc/x86_64-unknown-linux-gnu/]
  ignore line: [LIBRARY_PATH=/home/mgrund/Development/impala-deps/build/gcc-4.9.2/lib/gcc/x86_64-unknown-linux-gnu/4.9.2/:/home/mgrund/Development/impala-deps/build/gcc-4.9.2/lib/gcc/x86_64-unknown-linux-gnu/4.9.2/../../../../lib64/:/lib/x86_64-linux-gnu/:/lib/../lib64/:/usr/lib/x86_64-linux-gnu/:/home/mgrund/Development/impala-deps/build/gcc-4.9.2/lib/gcc/x86_64-unknown-linux-gnu/4.9.2/../../../:/lib/:/usr/lib/]
  ignore line: [COLLECT_GCC_OPTIONS='-static-libgcc' '-std=c++11' '-v' '-o' 'cmTryCompileExec4191584579' '-rdynamic' '-mtune=generic' '-march=x86-64']
  link line: [ /home/mgrund/Development/impala-deps/build/gcc-4.9.2/libexec/gcc/x86_64-unknown-linux-gnu/4.9.2/collect2 -plugin /home/mgrund/Development/impala-deps/build/gcc-4.9.2/libexec/gcc/x86_64-unknown-linux-gnu/4.9.2/liblto_plugin.so -plugin-opt=/home/mgrund/Development/impala-deps/build/gcc-4.9.2/libexec/gcc/x86_64-unknown-linux-gnu/4.9.2/lto-wrapper -plugin-opt=-fresolution=/tmp/cctrJt1Z.res -plugin-opt=-pass-through=-lgcc -plugin-opt=-pass-through=-lgcc_eh -plugin-opt=-pass-through=-lc -plugin-opt=-pass-through=-lgcc -plugin-opt=-pass-through=-lgcc_eh --eh-frame-hdr -m elf_x86_64 -export-dynamic -dynamic-linker /lib64/ld-linux-x86-64.so.2 -o cmTryCompileExec4191584579 /usr/lib/x86_64-linux-gnu/crt1.o /usr/lib/x86_64-linux-gnu/crti.o /home/mgrund/Development/impala-deps/build/gcc-4.9.2/lib/gcc/x86_64-unknown-linux-gnu/4.9.2/crtbegin.o -L/home/mgrund/Development/impala-deps/build/gcc-4.9.2/lib/gcc/x86_64-unknown-linux-gnu/4.9.2 -L/home/mgrund/Development/impala-deps/build/gcc-4.9.2/lib/gcc/x86_64-unknown-linux-gnu/4.9.2/../../../../lib64 -L/lib/x86_64-linux-gnu -L/lib/../lib64 -L/usr/lib/x86_64-linux-gnu -L/home/mgrund/Development/impala-deps/build/gcc-4.9.2/lib/gcc/x86_64-unknown-linux-gnu/4.9.2/../../.. CMakeFiles/cmTryCompileExec4191584579.dir/CMakeCXXCompilerABI.cpp.o -Bstatic -lstdc++ -Bdynamic -lm -lgcc -lgcc_eh -lc -lgcc -lgcc_eh /home/mgrund/Development/impala-deps/build/gcc-4.9.2/lib/gcc/x86_64-unknown-linux-gnu/4.9.2/crtend.o /usr/lib/x86_64-linux-gnu/crtn.o]
    arg [/home/mgrund/Development/impala-deps/build/gcc-4.9.2/libexec/gcc/x86_64-unknown-linux-gnu/4.9.2/collect2] ==> ignore
    arg [-plugin] ==> ignore
    arg [/home/mgrund/Development/impala-deps/build/gcc-4.9.2/libexec/gcc/x86_64-unknown-linux-gnu/4.9.2/liblto_plugin.so] ==> ignore
    arg [-plugin-opt=/home/mgrund/Development/impala-deps/build/gcc-4.9.2/libexec/gcc/x86_64-unknown-linux-gnu/4.9.2/lto-wrapper] ==> ignore
    arg [-plugin-opt=-fresolution=/tmp/cctrJt1Z.res] ==> ignore
    arg [-plugin-opt=-pass-through=-lgcc] ==> ignore
    arg [-plugin-opt=-pass-through=-lgcc_eh] ==> ignore
    arg [-plugin-opt=-pass-through=-lc] ==> ignore
    arg [-plugin-opt=-pass-through=-lgcc] ==> ignore
    arg [-plugin-opt=-pass-through=-lgcc_eh] ==> ignore
    arg [--eh-frame-hdr] ==> ignore
    arg [-m] ==> ignore
    arg [elf_x86_64] ==> ignore
    arg [-export-dynamic] ==> ignore
    arg [-dynamic-linker] ==> ignore
    arg [/lib64/ld-linux-x86-64.so.2] ==> ignore
    arg [-o] ==> ignore
    arg [cmTryCompileExec4191584579] ==> ignore
    arg [/usr/lib/x86_64-linux-gnu/crt1.o] ==> ignore
    arg [/usr/lib/x86_64-linux-gnu/crti.o] ==> ignore
    arg [/home/mgrund/Development/impala-deps/build/gcc-4.9.2/lib/gcc/x86_64-unknown-linux-gnu/4.9.2/crtbegin.o] ==> ignore
    arg [-L/home/mgrund/Development/impala-deps/build/gcc-4.9.2/lib/gcc/x86_64-unknown-linux-gnu/4.9.2] ==> dir [/home/mgrund/Development/impala-deps/build/gcc-4.9.2/lib/gcc/x86_64-unknown-linux-gnu/4.9.2]
    arg [-L/home/mgrund/Development/impala-deps/build/gcc-4.9.2/lib/gcc/x86_64-unknown-linux-gnu/4.9.2/../../../../lib64] ==> dir [/home/mgrund/Development/impala-deps/build/gcc-4.9.2/lib/gcc/x86_64-unknown-linux-gnu/4.9.2/../../../../lib64]
    arg [-L/lib/x86_64-linux-gnu] ==> dir [/lib/x86_64-linux-gnu]
    arg [-L/lib/../lib64] ==> dir [/lib/../lib64]
    arg [-L/usr/lib/x86_64-linux-gnu] ==> dir [/usr/lib/x86_64-linux-gnu]
    arg [-L/home/mgrund/Development/impala-deps/build/gcc-4.9.2/lib/gcc/x86_64-unknown-linux-gnu/4.9.2/../../..] ==> dir [/home/mgrund/Development/impala-deps/build/gcc-4.9.2/lib/gcc/x86_64-unknown-linux-gnu/4.9.2/../../..]
    arg [CMakeFiles/cmTryCompileExec4191584579.dir/CMakeCXXCompilerABI.cpp.o] ==> ignore
    arg [-Bstatic] ==> ignore
    arg [-lstdc++] ==> lib [stdc++]
    arg [-Bdynamic] ==> ignore
    arg [-lm] ==> lib [m]
    arg [-lgcc] ==> lib [gcc]
    arg [-lgcc_eh] ==> lib [gcc_eh]
    arg [-lc] ==> lib [c]
    arg [-lgcc] ==> lib [gcc]
    arg [-lgcc_eh] ==> lib [gcc_eh]
    arg [/home/mgrund/Development/impala-deps/build/gcc-4.9.2/lib/gcc/x86_64-unknown-linux-gnu/4.9.2/crtend.o] ==> ignore
    arg [/usr/lib/x86_64-linux-gnu/crtn.o] ==> ignore
  remove lib [gcc]
  remove lib [gcc_eh]
  remove lib [gcc]
  remove lib [gcc_eh]
  collapse dir [/home/mgrund/Development/impala-deps/build/gcc-4.9.2/lib/gcc/x86_64-unknown-linux-gnu/4.9.2] ==> [/home/mgrund/Development/impala-deps/build/gcc-4.9.2/lib/gcc/x86_64-unknown-linux-gnu/4.9.2]
  collapse dir [/home/mgrund/Development/impala-deps/build/gcc-4.9.2/lib/gcc/x86_64-unknown-linux-gnu/4.9.2/../../../../lib64] ==> [/home/mgrund/Development/impala-deps/build/gcc-4.9.2/lib64]
  collapse dir [/lib/x86_64-linux-gnu] ==> [/lib/x86_64-linux-gnu]
  collapse dir [/lib/../lib64] ==> [/lib64]
  collapse dir [/usr/lib/x86_64-linux-gnu] ==> [/usr/lib/x86_64-linux-gnu]
  collapse dir [/home/mgrund/Development/impala-deps/build/gcc-4.9.2/lib/gcc/x86_64-unknown-linux-gnu/4.9.2/../../..] ==> [/home/mgrund/Development/impala-deps/build/gcc-4.9.2/lib]
  implicit libs: [stdc++;m;c]
  implicit dirs: [/home/mgrund/Development/impala-deps/build/gcc-4.9.2/lib/gcc/x86_64-unknown-linux-gnu/4.9.2;/home/mgrund/Development/impala-deps/build/gcc-4.9.2/lib64;/lib/x86_64-linux-gnu;/lib64;/usr/lib/x86_64-linux-gnu;/home/mgrund/Development/impala-deps/build/gcc-4.9.2/lib]


